<?xml version="1.0" encoding="UTF-8"?>
<!-- Generated by org.testng.reporters.JUnitXMLReporter -->
<testsuite hostname="DESKTOP-2E9PMJ6" failures="1" tests="1" name="Surefire test" time="29.566" errors="0" timestamp="6 Jun 2019 04:37:37 GMT">
  <testcase classname="testRunner.TestRunner" name="feature" time="27.919">
    <failure type="cucumber.runtime.CucumberException" message="java.lang.NullPointerException">
      <![CDATA[cucumber.runtime.CucumberException: java.lang.NullPointerException
	at cucumber.api.testng.TestNGCucumberRunner.runCucumber(TestNGCucumberRunner.java:69)
	at testRunner.TestRunner.feature(TestRunner.java:31)
Caused by: java.lang.NullPointerException
	at stepDefinition.v_cart.i_search_for_using_the_search_bar(v_cart.java:44)
	at âœ½.When I search for "NRCQW15" using the search bar(features/v_cart.feature:15)
... Removed 29 stack frames]]>
    </failure>
  </testcase> <!-- feature -->
</testsuite> <!-- Surefire test -->
